ERROR(4): Symbol 'y' is not declared.
ERROR(4): The operation 'sizeof' only works with arrays.
WARNING(4): Variable 'y' may be uninitialized when used here.
ERROR(5): Symbol 'x' is not declared.
ERROR(6): Symbol 'x' is not declared.
ERROR(6): Symbol 'y' is not declared.
ERROR(6): '<' requires operands of the same type but lhs is type temp error8
 and rhs is type int.
ERROR(7): Symbol 'y' is not declared.
temp error10
ERROR(7): Symbol 'x' is not declared.
ERROR(7): '>' requires operands of the same type but lhs is type int and rhs is type ERROR: semantic.cpp line 836
.
ERROR(8): Symbol 'x' is not declared.
ERROR(8): Symbol 'y' is not declared.
temp error6
ERROR(9): Symbol 'array' is not declared.
ERROR(9): The operation 'sizeof' only works with arrays.
WARNING(9): Variable 'array' may be uninitialized when used here.
ERROR(9): Symbol 'x' is not declared.
ERROR(15): '=' requires operands of the same type but lhs is type temp error12
 and rhs is type int.
temp error10
ERROR(16): '=' requires operands of the same type but lhs is type temp error12
 and rhs is type int.
ERROR(18): Symbol 'mouse' is not declared.
ERROR(25): Symbol 'mouse' is not declared.
ERROR(27): Symbol 'mouse' is not declared.
ERROR(29): Symbol 'mouse' is not declared.
ERROR(31): Symbol 'mouse' is not declared.
ERROR(31): Function 'cat' at line 12 is expecting to return type int but returns type bad, dont want this2.
ERROR(36): Symbol 'mouse' is not declared.
ERROR(36): Symbol 'mouse' is not declared.
temp error4
ERROR(37): Symbol 'mouse' is not declared.
ERROR(37): Symbol 'mouse' is not declared.
ERROR(38): Symbol 'mouse' is not declared.
ERROR(38): Symbol 'mouse' is not declared.
ERROR(39): Symbol 'mouse' is not declared.
ERROR(39): Symbol 'mouse' is not declared.
WARNING(39): Variable 'mouse' may be uninitialized when used here.
WARNING(34): Expecting to return type int but function 'dog' has no return statement.
WARNING(12): The function 'cat' seems not to be used.
WARNING(34): The function 'dog' seems not to be used.
Number of warnings: 6
Number of errors: 30
